[16:22:46.431] Global cache location '/Users/mykhailoivankiv/Library/Caches/typescript/3.9', safe file path '/applications/visual studio code.app/contents/resources/app/extensions/node_modules/typescript/lib/typingsafelist.json', types map path /applications/visual studio code.app/contents/resources/app/extensions/node_modules/typescript/lib/typesmap.json
[16:22:46.435] Processing cache location '/Users/mykhailoivankiv/Library/Caches/typescript/3.9'
[16:22:46.435] Trying to find '/Users/mykhailoivankiv/Library/Caches/typescript/3.9/package.json'...
[16:22:46.436] Finished processing cache location '/Users/mykhailoivankiv/Library/Caches/typescript/3.9'
[16:22:46.436] Process id: 23916
[16:22:46.436] NPM location: npm (explicit '--npmLocation' not  provided)
[16:22:46.437] validateDefaultNpmLocation: true
[16:22:46.437] Npm config file: /Users/mykhailoivankiv/Library/Caches/typescript/3.9/package.json
[16:22:46.437] Npm config file: '/Users/mykhailoivankiv/Library/Caches/typescript/3.9/package.json' is missing, creating new one...
[16:22:46.439] Updating types-registry npm package...
[16:22:46.440] Exec: npm install --ignore-scripts types-registry@latest
[16:22:48.447]     Succeeded. stdout:
    + types-registry@0.1.496
    added 1 package from 1 contributor and audited 1 package in 0.742s
found 0 vulnerabilities


[16:22:48.447] Updated types-registry npm package
[16:22:49.770] Got install request {"projectName":"/dev/null/inferredProject1*","fileNames":["/Applications/Visual Studio Code.app/Contents/Resources/app/extensions/node_modules/typescript/lib/lib.es5.d.ts","/Applications/Visual Studio Code.app/Contents/Resources/app/extensions/node_modules/typescript/lib/lib.es2015.d.ts","/Applications/Visual Studio Code.app/Contents/Resources/app/extensions/node_modules/typescript/lib/lib.es2016.d.ts","/Applications/Visual Studio Code.app/Contents/Resources/app/extensions/node_modules/typescript/lib/lib.dom.d.ts","/Applications/Visual Studio Code.app/Contents/Resources/app/extensions/node_modules/typescript/lib/lib.dom.iterable.d.ts","/Applications/Visual Studio Code.app/Contents/Resources/app/extensions/node_modules/typescript/lib/lib.webworker.importscripts.d.ts","/Applications/Visual Studio Code.app/Contents/Resources/app/extensions/node_modules/typescript/lib/lib.scripthost.d.ts","/Applications/Visual Studio Code.app/Contents/Resources/app/extensions/node_modules/typescript/lib/lib.es2015.core.d.ts","/Applications/Visual Studio Code.app/Contents/Resources/app/extensions/node_modules/typescript/lib/lib.es2015.collection.d.ts","/Applications/Visual Studio Code.app/Contents/Resources/app/extensions/node_modules/typescript/lib/lib.es2015.generator.d.ts","/Applications/Visual Studio Code.app/Contents/Resources/app/extensions/node_modules/typescript/lib/lib.es2015.iterable.d.ts","/Applications/Visual Studio Code.app/Contents/Resources/app/extensions/node_modules/typescript/lib/lib.es2015.promise.d.ts","/Applications/Visual Studio Code.app/Contents/Resources/app/extensions/node_modules/typescript/lib/lib.es2015.proxy.d.ts","/Applications/Visual Studio Code.app/Contents/Resources/app/extensions/node_modules/typescript/lib/lib.es2015.reflect.d.ts","/Applications/Visual Studio Code.app/Contents/Resources/app/extensions/node_modules/typescript/lib/lib.es2015.symbol.d.ts","/Applications/Visual Studio Code.app/Contents/Resources/app/extensions/node_modules/typescript/lib/lib.es2015.symbol.wellknown.d.ts","/Applications/Visual Studio Code.app/Contents/Resources/app/extensions/node_modules/typescript/lib/lib.es2016.array.include.d.ts","/Applications/Visual Studio Code.app/Contents/Resources/app/extensions/node_modules/typescript/lib/lib.es2016.full.d.ts","/Users/mykhailoivankiv/Projects/test/src/App.js"],"compilerOptions":{"module":1,"target":3,"jsx":1,"sourceMap":true,"allowJs":true,"allowSyntheticDefaultImports":true,"allowNonTsExtensions":true,"resolveJsonModule":true,"noEmitForJsFiles":true,"maxNodeModuleJsDepth":2},"typeAcquisition":{"enable":true,"include":[],"exclude":[]},"unresolvedImports":["classnames","lodash"],"projectRootPath":"/Users/mykhailoivankiv/Projects/learning/learn-you-a-haskell-for-great-good","kind":"discover"}
[16:22:49.798] Loaded safelist from types map file '/applications/visual studio code.app/contents/resources/app/extensions/node_modules/typescript/lib/typesmap.json'
[16:22:49.799] Explicitly included types: []
[16:22:49.801] Inferred typings from unresolved imports: ["classnames","lodash"]
[16:22:49.802] Result: {"cachedTypingPaths":[],"newTypingNames":["classnames","lodash"],"filesToWatch":["/Users/mykhailoivankiv/Projects/test/src/bower_components","/Users/mykhailoivankiv/Projects/test/src/node_modules","/Users/mykhailoivankiv/Projects/learning/learn-you-a-haskell-for-great-good/bower_components","/Users/mykhailoivankiv/Projects/learning/learn-you-a-haskell-for-great-good/node_modules"]}
[16:22:49.802] Finished typings discovery: {"cachedTypingPaths":[],"newTypingNames":["classnames","lodash"],"filesToWatch":["/Users/mykhailoivankiv/Projects/test/src/bower_components","/Users/mykhailoivankiv/Projects/test/src/node_modules","/Users/mykhailoivankiv/Projects/learning/learn-you-a-haskell-for-great-good/bower_components","/Users/mykhailoivankiv/Projects/learning/learn-you-a-haskell-for-great-good/node_modules"]}
[16:22:49.802] DirectoryWatcher:: Added:: WatchInfo: /Users/mykhailoivankiv/Projects/test/src/bower_components
[16:22:49.804] DirectoryWatcher:: Added:: WatchInfo: /Users/mykhailoivankiv/Projects/test/src/node_modules
[16:22:49.805] DirectoryWatcher:: Added:: WatchInfo: /Users/mykhailoivankiv/Projects/learning/learn-you-a-haskell-for-great-good/bower_components
[16:22:49.808] DirectoryWatcher:: Added:: WatchInfo: /Users/mykhailoivankiv/Projects/learning/learn-you-a-haskell-for-great-good/node_modules
[16:22:49.808] Installing typings ["classnames","lodash"]
[16:22:49.809] Npm config file: /Users/mykhailoivankiv/Library/Caches/typescript/3.9/package.json
[16:22:49.809] Sending response:
    {"kind":"event::beginInstallTypes","eventId":1,"typingsInstallerVersion":"3.9.4","projectName":"/dev/null/inferredProject1*"}
[16:22:49.810] Response has been sent.
[16:22:49.810] #1 with arguments'["@types/classnames@ts3.9","@types/lodash@ts3.9"]'.
[16:22:49.810] Exec: npm install --ignore-scripts @types/classnames@ts3.9 @types/lodash@ts3.9 --save-dev --user-agent="typesInstaller/3.9.4"
[16:22:52.316]     Succeeded. stdout:
    + @types/lodash@4.14.157
    + @types/classnames@2.2.10
added 2 packages from 16 contributors and audited 3 packages in 1.72s
found 0 vulnerabilities


[16:22:52.317] npm install #1 took: 2507 ms
[16:22:52.318] Installed typings ["@types/classnames@ts3.9","@types/lodash@ts3.9"]
[16:22:52.330] Installed typing files ["/Users/mykhailoivankiv/Library/Caches/typescript/3.9/node_modules/@types/classnames/index.d.ts","/Users/mykhailoivankiv/Library/Caches/typescript/3.9/node_modules/@types/lodash/ts3.1/index.d.ts"]
[16:22:52.330] Sending response:
    {"projectName":"/dev/null/inferredProject1*","typeAcquisition":{"enable":true,"include":[],"exclude":[]},"compilerOptions":{"module":1,"target":3,"jsx":1,"sourceMap":true,"allowJs":true,"allowSyntheticDefaultImports":true,"allowNonTsExtensions":true,"resolveJsonModule":true,"noEmitForJsFiles":true,"maxNodeModuleJsDepth":2},"typings":["/Users/mykhailoivankiv/Library/Caches/typescript/3.9/node_modules/@types/classnames/index.d.ts","/Users/mykhailoivankiv/Library/Caches/typescript/3.9/node_modules/@types/lodash/ts3.1/index.d.ts"],"unresolvedImports":["classnames","lodash"],"kind":"action::set"}
[16:22:52.331] Response has been sent.
[16:22:52.331] Sending response:
    {"kind":"event::endInstallTypes","eventId":1,"projectName":"/dev/null/inferredProject1*","packagesToInstall":["@types/classnames@ts3.9","@types/lodash@ts3.9"],"installSuccess":true,"typingsInstallerVersion":"3.9.4"}
[16:22:52.331] Response has been sent.
[16:22:52.943] Got install request {"projectName":"/dev/null/inferredProject1*","fileNames":["/Applications/Visual Studio Code.app/Contents/Resources/app/extensions/node_modules/typescript/lib/lib.es5.d.ts","/Applications/Visual Studio Code.app/Contents/Resources/app/extensions/node_modules/typescript/lib/lib.es2015.d.ts","/Applications/Visual Studio Code.app/Contents/Resources/app/extensions/node_modules/typescript/lib/lib.es2016.d.ts","/Applications/Visual Studio Code.app/Contents/Resources/app/extensions/node_modules/typescript/lib/lib.dom.d.ts","/Applications/Visual Studio Code.app/Contents/Resources/app/extensions/node_modules/typescript/lib/lib.dom.iterable.d.ts","/Applications/Visual Studio Code.app/Contents/Resources/app/extensions/node_modules/typescript/lib/lib.webworker.importscripts.d.ts","/Applications/Visual Studio Code.app/Contents/Resources/app/extensions/node_modules/typescript/lib/lib.scripthost.d.ts","/Applications/Visual Studio Code.app/Contents/Resources/app/extensions/node_modules/typescript/lib/lib.es2015.core.d.ts","/Applications/Visual Studio Code.app/Contents/Resources/app/extensions/node_modules/typescript/lib/lib.es2015.collection.d.ts","/Applications/Visual Studio Code.app/Contents/Resources/app/extensions/node_modules/typescript/lib/lib.es2015.generator.d.ts","/Applications/Visual Studio Code.app/Contents/Resources/app/extensions/node_modules/typescript/lib/lib.es2015.iterable.d.ts","/Applications/Visual Studio Code.app/Contents/Resources/app/extensions/node_modules/typescript/lib/lib.es2015.promise.d.ts","/Applications/Visual Studio Code.app/Contents/Resources/app/extensions/node_modules/typescript/lib/lib.es2015.proxy.d.ts","/Applications/Visual Studio Code.app/Contents/Resources/app/extensions/node_modules/typescript/lib/lib.es2015.reflect.d.ts","/Applications/Visual Studio Code.app/Contents/Resources/app/extensions/node_modules/typescript/lib/lib.es2015.symbol.d.ts","/Applications/Visual Studio Code.app/Contents/Resources/app/extensions/node_modules/typescript/lib/lib.es2015.symbol.wellknown.d.ts","/Applications/Visual Studio Code.app/Contents/Resources/app/extensions/node_modules/typescript/lib/lib.es2016.array.include.d.ts","/Applications/Visual Studio Code.app/Contents/Resources/app/extensions/node_modules/typescript/lib/lib.es2016.full.d.ts","/Users/mykhailoivankiv/Library/Caches/typescript/3.9/node_modules/@types/classnames/index.d.ts","/Users/mykhailoivankiv/Library/Caches/typescript/3.9/node_modules/@types/lodash/ts3.1/common/common.d.ts","/Users/mykhailoivankiv/Library/Caches/typescript/3.9/node_modules/@types/lodash/ts3.1/common/array.d.ts","/Users/mykhailoivankiv/Library/Caches/typescript/3.9/node_modules/@types/lodash/ts3.1/common/collection.d.ts","/Users/mykhailoivankiv/Library/Caches/typescript/3.9/node_modules/@types/lodash/ts3.1/common/date.d.ts","/Users/mykhailoivankiv/Library/Caches/typescript/3.9/node_modules/@types/lodash/ts3.1/common/function.d.ts","/Users/mykhailoivankiv/Library/Caches/typescript/3.9/node_modules/@types/lodash/ts3.1/common/lang.d.ts","/Users/mykhailoivankiv/Library/Caches/typescript/3.9/node_modules/@types/lodash/ts3.1/common/math.d.ts","/Users/mykhailoivankiv/Library/Caches/typescript/3.9/node_modules/@types/lodash/ts3.1/common/number.d.ts","/Users/mykhailoivankiv/Library/Caches/typescript/3.9/node_modules/@types/lodash/ts3.1/common/object.d.ts","/Users/mykhailoivankiv/Library/Caches/typescript/3.9/node_modules/@types/lodash/ts3.1/common/seq.d.ts","/Users/mykhailoivankiv/Library/Caches/typescript/3.9/node_modules/@types/lodash/ts3.1/common/string.d.ts","/Users/mykhailoivankiv/Library/Caches/typescript/3.9/node_modules/@types/lodash/ts3.1/common/util.d.ts","/Users/mykhailoivankiv/Library/Caches/typescript/3.9/node_modules/@types/lodash/ts3.1/index.d.ts","/Users/mykhailoivankiv/Projects/test/src/App.js"],"compilerOptions":{"module":1,"target":3,"jsx":1,"sourceMap":true,"allowJs":true,"allowSyntheticDefaultImports":true,"allowNonTsExtensions":true,"resolveJsonModule":true,"noEmitForJsFiles":true,"maxNodeModuleJsDepth":2},"typeAcquisition":{"enable":true,"include":[],"exclude":[]},"unresolvedImports":[],"projectRootPath":"/Users/mykhailoivankiv/Projects/learning/learn-you-a-haskell-for-great-good","kind":"discover"}
[16:22:52.943] Explicitly included types: []
[16:22:52.949] Inferred typings from unresolved imports: []
[16:22:52.950] Result: {"cachedTypingPaths":[],"newTypingNames":[],"filesToWatch":["/Users/mykhailoivankiv/Projects/test/src/bower_components","/Users/mykhailoivankiv/Projects/test/src/node_modules","/Users/mykhailoivankiv/Projects/learning/learn-you-a-haskell-for-great-good/bower_components","/Users/mykhailoivankiv/Projects/learning/learn-you-a-haskell-for-great-good/node_modules"]}
[16:22:52.950] Finished typings discovery: {"cachedTypingPaths":[],"newTypingNames":[],"filesToWatch":["/Users/mykhailoivankiv/Projects/test/src/bower_components","/Users/mykhailoivankiv/Projects/test/src/node_modules","/Users/mykhailoivankiv/Projects/learning/learn-you-a-haskell-for-great-good/bower_components","/Users/mykhailoivankiv/Projects/learning/learn-you-a-haskell-for-great-good/node_modules"]}
[16:22:52.951] Sending response:
    {"projectName":"/dev/null/inferredProject1*","typeAcquisition":{"enable":true,"include":[],"exclude":[]},"compilerOptions":{"module":1,"target":3,"jsx":1,"sourceMap":true,"allowJs":true,"allowSyntheticDefaultImports":true,"allowNonTsExtensions":true,"resolveJsonModule":true,"noEmitForJsFiles":true,"maxNodeModuleJsDepth":2},"typings":[],"unresolvedImports":[],"kind":"action::set"}
[16:22:52.951] Response has been sent.
[16:22:52.951] No new typings were requested as a result of typings discovery
[16:22:53.448] Got install request {"projectName":"/dev/null/inferredProject1*","fileNames":["/Applications/Visual Studio Code.app/Contents/Resources/app/extensions/node_modules/typescript/lib/lib.es5.d.ts","/Applications/Visual Studio Code.app/Contents/Resources/app/extensions/node_modules/typescript/lib/lib.es2015.d.ts","/Applications/Visual Studio Code.app/Contents/Resources/app/extensions/node_modules/typescript/lib/lib.es2016.d.ts","/Applications/Visual Studio Code.app/Contents/Resources/app/extensions/node_modules/typescript/lib/lib.dom.d.ts","/Applications/Visual Studio Code.app/Contents/Resources/app/extensions/node_modules/typescript/lib/lib.dom.iterable.d.ts","/Applications/Visual Studio Code.app/Contents/Resources/app/extensions/node_modules/typescript/lib/lib.webworker.importscripts.d.ts","/Applications/Visual Studio Code.app/Contents/Resources/app/extensions/node_modules/typescript/lib/lib.scripthost.d.ts","/Applications/Visual Studio Code.app/Contents/Resources/app/extensions/node_modules/typescript/lib/lib.es2015.core.d.ts","/Applications/Visual Studio Code.app/Contents/Resources/app/extensions/node_modules/typescript/lib/lib.es2015.collection.d.ts","/Applications/Visual Studio Code.app/Contents/Resources/app/extensions/node_modules/typescript/lib/lib.es2015.generator.d.ts","/Applications/Visual Studio Code.app/Contents/Resources/app/extensions/node_modules/typescript/lib/lib.es2015.iterable.d.ts","/Applications/Visual Studio Code.app/Contents/Resources/app/extensions/node_modules/typescript/lib/lib.es2015.promise.d.ts","/Applications/Visual Studio Code.app/Contents/Resources/app/extensions/node_modules/typescript/lib/lib.es2015.proxy.d.ts","/Applications/Visual Studio Code.app/Contents/Resources/app/extensions/node_modules/typescript/lib/lib.es2015.reflect.d.ts","/Applications/Visual Studio Code.app/Contents/Resources/app/extensions/node_modules/typescript/lib/lib.es2015.symbol.d.ts","/Applications/Visual Studio Code.app/Contents/Resources/app/extensions/node_modules/typescript/lib/lib.es2015.symbol.wellknown.d.ts","/Applications/Visual Studio Code.app/Contents/Resources/app/extensions/node_modules/typescript/lib/lib.es2016.array.include.d.ts","/Applications/Visual Studio Code.app/Contents/Resources/app/extensions/node_modules/typescript/lib/lib.es2016.full.d.ts","/Users/mykhailoivankiv/Projects/test/src/App.js"],"compilerOptions":{"module":1,"target":3,"jsx":1,"sourceMap":true,"allowJs":true,"allowSyntheticDefaultImports":true,"allowNonTsExtensions":true,"resolveJsonModule":true,"noEmitForJsFiles":true,"maxNodeModuleJsDepth":2},"typeAcquisition":{"enable":true,"include":[],"exclude":[]},"unresolvedImports":[],"projectRootPath":"/Users/mykhailoivankiv/Projects/learning/learn-you-a-haskell-for-great-good","kind":"discover"}
[16:22:53.449] Explicitly included types: []
[16:22:53.454] Inferred typings from unresolved imports: []
[16:22:53.455] Result: {"cachedTypingPaths":[],"newTypingNames":[],"filesToWatch":["/Users/mykhailoivankiv/Projects/test/src/bower_components","/Users/mykhailoivankiv/Projects/test/src/node_modules","/Users/mykhailoivankiv/Projects/learning/learn-you-a-haskell-for-great-good/bower_components","/Users/mykhailoivankiv/Projects/learning/learn-you-a-haskell-for-great-good/node_modules"]}
[16:22:53.455] Finished typings discovery: {"cachedTypingPaths":[],"newTypingNames":[],"filesToWatch":["/Users/mykhailoivankiv/Projects/test/src/bower_components","/Users/mykhailoivankiv/Projects/test/src/node_modules","/Users/mykhailoivankiv/Projects/learning/learn-you-a-haskell-for-great-good/bower_components","/Users/mykhailoivankiv/Projects/learning/learn-you-a-haskell-for-great-good/node_modules"]}
[16:22:53.455] Sending response:
    {"projectName":"/dev/null/inferredProject1*","typeAcquisition":{"enable":true,"include":[],"exclude":[]},"compilerOptions":{"module":1,"target":3,"jsx":1,"sourceMap":true,"allowJs":true,"allowSyntheticDefaultImports":true,"allowNonTsExtensions":true,"resolveJsonModule":true,"noEmitForJsFiles":true,"maxNodeModuleJsDepth":2},"typings":[],"unresolvedImports":[],"kind":"action::set"}
[16:22:53.455] Response has been sent.
[16:22:53.455] No new typings were requested as a result of typings discovery
